<?xml version="1.0" encoding="UTF-8"?>
<testng-results ignored="0" total="20" passed="18" failed="2" skipped="0">
  <reporter-output>
  </reporter-output>
  <suite started-at="2020-05-11T21:04:13 IST" name="RestAPITestSuite" finished-at="2020-05-11T21:04:40 IST" duration-ms="26981">
    <groups>
    </groups>
    <test started-at="2020-05-11T21:04:13 IST" name="RestAPITestcases" finished-at="2020-05-11T21:04:40 IST" duration-ms="26981">
      <class name="com.restapi.testcases.Update_EmployeeRecord">
        <test-method is-config="true" signature="postemployeerecord()[pri:0, instance:com.restapi.testcases.Update_EmployeeRecord@26275bef]" started-at="2020-05-11T21:04:25 IST" name="postemployeerecord" finished-at="2020-05-11T21:04:31 IST" duration-ms="5996" status="PASS">
          <reporter-output>
          </reporter-output>
        </test-method> <!-- postemployeerecord -->
        <test-method is-config="true" signature="setup()[pri:0, instance:com.restapi.testcases.Update_EmployeeRecord@26275bef]" started-at="2020-05-11T21:04:25 IST" name="setup" finished-at="2020-05-11T21:04:25 IST" duration-ms="0" status="PASS">
          <reporter-output>
          </reporter-output>
        </test-method> <!-- setup -->
        <test-method signature="checkCookies()[pri:0, instance:com.restapi.testcases.Update_EmployeeRecord@26275bef]" started-at="2020-05-11T21:04:31 IST" name="checkCookies" finished-at="2020-05-11T21:04:31 IST" duration-ms="0" status="PASS">
          <reporter-output>
          </reporter-output>
        </test-method> <!-- checkCookies -->
        <test-method signature="checkResponseBody()[pri:0, instance:com.restapi.testcases.Update_EmployeeRecord@26275bef]" started-at="2020-05-11T21:04:31 IST" name="checkResponseBody" finished-at="2020-05-11T21:04:31 IST" duration-ms="0" status="FAIL">
          <exception class="java.lang.AssertionError">
            <message>
              <![CDATA[expected [true] but found [false]]]>
            </message>
            <full-stacktrace>
              <![CDATA[java.lang.AssertionError: expected [true] but found [false]
at org.testng.Assert.fail(Assert.java:97)
at org.testng.Assert.assertEqualsImpl(Assert.java:136)
at org.testng.Assert.assertEquals(Assert.java:118)
at org.testng.Assert.assertEquals(Assert.java:751)
at org.testng.Assert.assertEquals(Assert.java:761)
at com.restapi.testcases.Update_EmployeeRecord.checkResponseBody(Update_EmployeeRecord.java:52)
at java.base/jdk.internal.reflect.NativeMethodAccessorImpl.invoke0(Native Method)
at java.base/jdk.internal.reflect.NativeMethodAccessorImpl.invoke(Unknown Source)
at java.base/jdk.internal.reflect.DelegatingMethodAccessorImpl.invoke(Unknown Source)
at java.base/java.lang.reflect.Method.invoke(Unknown Source)
at org.testng.internal.MethodInvocationHelper.invokeMethod(MethodInvocationHelper.java:133)
at org.testng.internal.TestInvoker.invokeMethod(TestInvoker.java:584)
at org.testng.internal.TestInvoker.invokeTestMethod(TestInvoker.java:172)
at org.testng.internal.MethodRunner.runInSequence(MethodRunner.java:46)
at org.testng.internal.TestInvoker$MethodInvocationAgent.invoke(TestInvoker.java:804)
at org.testng.internal.TestInvoker.invokeTestMethods(TestInvoker.java:145)
at org.testng.internal.TestMethodWorker.invokeTestMethods(TestMethodWorker.java:146)
at org.testng.internal.TestMethodWorker.run(TestMethodWorker.java:128)
at java.base/java.util.ArrayList.forEach(Unknown Source)
at org.testng.TestRunner.privateRun(TestRunner.java:770)
at org.testng.TestRunner.run(TestRunner.java:591)
at org.testng.SuiteRunner.runTest(SuiteRunner.java:402)
at org.testng.SuiteRunner.runSequentially(SuiteRunner.java:396)
at org.testng.SuiteRunner.privateRun(SuiteRunner.java:355)
at org.testng.SuiteRunner.run(SuiteRunner.java:304)
at org.testng.SuiteRunnerWorker.runSuite(SuiteRunnerWorker.java:53)
at org.testng.SuiteRunnerWorker.run(SuiteRunnerWorker.java:96)
at org.testng.TestNG.runSuitesSequentially(TestNG.java:1180)
at org.testng.TestNG.runSuitesLocally(TestNG.java:1102)
at org.testng.TestNG.runSuites(TestNG.java:1032)
at org.testng.TestNG.run(TestNG.java:1000)
at org.testng.remote.AbstractRemoteTestNG.run(AbstractRemoteTestNG.java:115)
at org.testng.remote.RemoteTestNG.initAndRun(RemoteTestNG.java:251)
at org.testng.remote.RemoteTestNG.main(RemoteTestNG.java:77)
]]>
            </full-stacktrace>
          </exception> <!-- java.lang.AssertionError -->
          <reporter-output>
          </reporter-output>
        </test-method> <!-- checkResponseBody -->
        <test-method signature="checkstatusCode()[pri:0, instance:com.restapi.testcases.Update_EmployeeRecord@26275bef]" started-at="2020-05-11T21:04:31 IST" name="checkstatusCode" finished-at="2020-05-11T21:04:31 IST" duration-ms="16" status="PASS">
          <reporter-output>
          </reporter-output>
        </test-method> <!-- checkstatusCode -->
        <test-method signature="checkresponsetime()[pri:0, instance:com.restapi.testcases.Update_EmployeeRecord@26275bef]" started-at="2020-05-11T21:04:31 IST" name="checkresponsetime" finished-at="2020-05-11T21:04:31 IST" duration-ms="0" status="PASS">
          <reporter-output>
          </reporter-output>
        </test-method> <!-- checkresponsetime -->
        <test-method signature="checkstatusLine()[pri:0, instance:com.restapi.testcases.Update_EmployeeRecord@26275bef]" started-at="2020-05-11T21:04:31 IST" name="checkstatusLine" finished-at="2020-05-11T21:04:31 IST" duration-ms="0" status="PASS">
          <reporter-output>
          </reporter-output>
        </test-method> <!-- checkstatusLine -->
        <test-method is-config="true" signature="teardown()[pri:0, instance:com.restapi.testcases.Update_EmployeeRecord@26275bef]" started-at="2020-05-11T21:04:31 IST" name="teardown" finished-at="2020-05-11T21:04:31 IST" duration-ms="0" status="PASS">
          <reporter-output>
          </reporter-output>
        </test-method> <!-- teardown -->
      </class> <!-- com.restapi.testcases.Update_EmployeeRecord -->
      <class name="com.restapi.testcases.Delete_EmployeeRecord">
        <test-method is-config="true" signature="postemployeerecord()[pri:0, instance:com.restapi.testcases.Delete_EmployeeRecord@7690781]" started-at="2020-05-11T21:04:31 IST" name="postemployeerecord" finished-at="2020-05-11T21:04:40 IST" duration-ms="9125" status="PASS">
          <reporter-output>
          </reporter-output>
        </test-method> <!-- postemployeerecord -->
        <test-method is-config="true" signature="setup()[pri:0, instance:com.restapi.testcases.Delete_EmployeeRecord@7690781]" started-at="2020-05-11T21:04:31 IST" name="setup" finished-at="2020-05-11T21:04:31 IST" duration-ms="0" status="PASS">
          <reporter-output>
          </reporter-output>
        </test-method> <!-- setup -->
        <test-method signature="checkCookies()[pri:0, instance:com.restapi.testcases.Delete_EmployeeRecord@7690781]" started-at="2020-05-11T21:04:40 IST" name="checkCookies" finished-at="2020-05-11T21:04:40 IST" duration-ms="0" status="PASS">
          <reporter-output>
          </reporter-output>
        </test-method> <!-- checkCookies -->
        <test-method signature="checkResponseBody()[pri:0, instance:com.restapi.testcases.Delete_EmployeeRecord@7690781]" started-at="2020-05-11T21:04:40 IST" name="checkResponseBody" finished-at="2020-05-11T21:04:40 IST" duration-ms="0" status="FAIL">
          <exception class="java.lang.AssertionError">
            <message>
              <![CDATA[expected [true] but found [false]]]>
            </message>
            <full-stacktrace>
              <![CDATA[java.lang.AssertionError: expected [true] but found [false]
at org.testng.Assert.fail(Assert.java:97)
at org.testng.Assert.assertEqualsImpl(Assert.java:136)
at org.testng.Assert.assertEquals(Assert.java:118)
at org.testng.Assert.assertEquals(Assert.java:751)
at org.testng.Assert.assertEquals(Assert.java:761)
at com.restapi.testcases.Delete_EmployeeRecord.checkResponseBody(Delete_EmployeeRecord.java:42)
at java.base/jdk.internal.reflect.NativeMethodAccessorImpl.invoke0(Native Method)
at java.base/jdk.internal.reflect.NativeMethodAccessorImpl.invoke(Unknown Source)
at java.base/jdk.internal.reflect.DelegatingMethodAccessorImpl.invoke(Unknown Source)
at java.base/java.lang.reflect.Method.invoke(Unknown Source)
at org.testng.internal.MethodInvocationHelper.invokeMethod(MethodInvocationHelper.java:133)
at org.testng.internal.TestInvoker.invokeMethod(TestInvoker.java:584)
at org.testng.internal.TestInvoker.invokeTestMethod(TestInvoker.java:172)
at org.testng.internal.MethodRunner.runInSequence(MethodRunner.java:46)
at org.testng.internal.TestInvoker$MethodInvocationAgent.invoke(TestInvoker.java:804)
at org.testng.internal.TestInvoker.invokeTestMethods(TestInvoker.java:145)
at org.testng.internal.TestMethodWorker.invokeTestMethods(TestMethodWorker.java:146)
at org.testng.internal.TestMethodWorker.run(TestMethodWorker.java:128)
at java.base/java.util.ArrayList.forEach(Unknown Source)
at org.testng.TestRunner.privateRun(TestRunner.java:770)
at org.testng.TestRunner.run(TestRunner.java:591)
at org.testng.SuiteRunner.runTest(SuiteRunner.java:402)
at org.testng.SuiteRunner.runSequentially(SuiteRunner.java:396)
at org.testng.SuiteRunner.privateRun(SuiteRunner.java:355)
at org.testng.SuiteRunner.run(SuiteRunner.java:304)
at org.testng.SuiteRunnerWorker.runSuite(SuiteRunnerWorker.java:53)
at org.testng.SuiteRunnerWorker.run(SuiteRunnerWorker.java:96)
at org.testng.TestNG.runSuitesSequentially(TestNG.java:1180)
at org.testng.TestNG.runSuitesLocally(TestNG.java:1102)
at org.testng.TestNG.runSuites(TestNG.java:1032)
at org.testng.TestNG.run(TestNG.java:1000)
at org.testng.remote.AbstractRemoteTestNG.run(AbstractRemoteTestNG.java:115)
at org.testng.remote.RemoteTestNG.initAndRun(RemoteTestNG.java:251)
at org.testng.remote.RemoteTestNG.main(RemoteTestNG.java:77)
]]>
            </full-stacktrace>
          </exception> <!-- java.lang.AssertionError -->
          <reporter-output>
          </reporter-output>
        </test-method> <!-- checkResponseBody -->
        <test-method signature="checkresponsetime()[pri:0, instance:com.restapi.testcases.Delete_EmployeeRecord@7690781]" started-at="2020-05-11T21:04:40 IST" name="checkresponsetime" finished-at="2020-05-11T21:04:40 IST" duration-ms="0" status="PASS">
          <reporter-output>
          </reporter-output>
        </test-method> <!-- checkresponsetime -->
        <test-method signature="checkstatusCode()[pri:0, instance:com.restapi.testcases.Delete_EmployeeRecord@7690781]" started-at="2020-05-11T21:04:40 IST" name="checkstatusCode" finished-at="2020-05-11T21:04:40 IST" duration-ms="0" status="PASS">
          <reporter-output>
          </reporter-output>
        </test-method> <!-- checkstatusCode -->
        <test-method is-config="true" signature="teardown()[pri:0, instance:com.restapi.testcases.Delete_EmployeeRecord@7690781]" started-at="2020-05-11T21:04:40 IST" name="teardown" finished-at="2020-05-11T21:04:40 IST" duration-ms="0" status="PASS">
          <reporter-output>
          </reporter-output>
        </test-method> <!-- teardown -->
        <test-method signature="checkstatusLine()[pri:0, instance:com.restapi.testcases.Delete_EmployeeRecord@7690781]" started-at="2020-05-11T21:04:40 IST" name="checkstatusLine" finished-at="2020-05-11T21:04:40 IST" duration-ms="0" status="PASS">
          <reporter-output>
          </reporter-output>
        </test-method> <!-- checkstatusLine -->
      </class> <!-- com.restapi.testcases.Delete_EmployeeRecord -->
      <class name="com.restapi.testcases.Get_AllEmployeeDetails">
        <test-method is-config="true" signature="setup()[pri:0, instance:com.restapi.testcases.Get_AllEmployeeDetails@140c9f39]" started-at="2020-05-11T21:04:15 IST" name="setup" finished-at="2020-05-11T21:04:15 IST" duration-ms="172" status="PASS">
          <reporter-output>
          </reporter-output>
        </test-method> <!-- setup -->
        <test-method is-config="true" signature="getalEmployees()[pri:0, instance:com.restapi.testcases.Get_AllEmployeeDetails@140c9f39]" started-at="2020-05-11T21:04:15 IST" name="getalEmployees" finished-at="2020-05-11T21:04:19 IST" duration-ms="3911" status="PASS">
          <reporter-output>
          </reporter-output>
        </test-method> <!-- getalEmployees -->
        <test-method signature="checkCookies()[pri:0, instance:com.restapi.testcases.Get_AllEmployeeDetails@140c9f39]" started-at="2020-05-11T21:04:19 IST" name="checkCookies" finished-at="2020-05-11T21:04:19 IST" duration-ms="9" status="PASS">
          <reporter-output>
          </reporter-output>
        </test-method> <!-- checkCookies -->
        <test-method signature="checkResponseBody()[pri:0, instance:com.restapi.testcases.Get_AllEmployeeDetails@140c9f39]" started-at="2020-05-11T21:04:19 IST" name="checkResponseBody" finished-at="2020-05-11T21:04:19 IST" duration-ms="6" status="PASS">
          <reporter-output>
          </reporter-output>
        </test-method> <!-- checkResponseBody -->
        <test-method signature="checkresponsetime()[pri:0, instance:com.restapi.testcases.Get_AllEmployeeDetails@140c9f39]" started-at="2020-05-11T21:04:19 IST" name="checkresponsetime" finished-at="2020-05-11T21:04:19 IST" duration-ms="7" status="PASS">
          <reporter-output>
          </reporter-output>
        </test-method> <!-- checkresponsetime -->
        <test-method signature="checkstatusCode()[pri:0, instance:com.restapi.testcases.Get_AllEmployeeDetails@140c9f39]" started-at="2020-05-11T21:04:19 IST" name="checkstatusCode" finished-at="2020-05-11T21:04:19 IST" duration-ms="2" status="PASS">
          <reporter-output>
          </reporter-output>
        </test-method> <!-- checkstatusCode -->
        <test-method signature="checkstatusLine()[pri:0, instance:com.restapi.testcases.Get_AllEmployeeDetails@140c9f39]" started-at="2020-05-11T21:04:19 IST" name="checkstatusLine" finished-at="2020-05-11T21:04:19 IST" duration-ms="2" status="PASS">
          <reporter-output>
          </reporter-output>
        </test-method> <!-- checkstatusLine -->
        <test-method is-config="true" signature="teardown()[pri:0, instance:com.restapi.testcases.Get_AllEmployeeDetails@140c9f39]" started-at="2020-05-11T21:04:19 IST" name="teardown" finished-at="2020-05-11T21:04:19 IST" duration-ms="1" status="PASS">
          <reporter-output>
          </reporter-output>
        </test-method> <!-- teardown -->
      </class> <!-- com.restapi.testcases.Get_AllEmployeeDetails -->
      <class name="com.restapi.testcases.Post_EmployeeRecord">
        <test-method is-config="true" signature="setup()[pri:0, instance:com.restapi.testcases.Post_EmployeeRecord@4d910fd6]" started-at="2020-05-11T21:04:19 IST" name="setup" finished-at="2020-05-11T21:04:19 IST" duration-ms="4" status="PASS">
          <reporter-output>
          </reporter-output>
        </test-method> <!-- setup -->
        <test-method is-config="true" signature="postemployeerecord()[pri:0, instance:com.restapi.testcases.Post_EmployeeRecord@4d910fd6]" started-at="2020-05-11T21:04:19 IST" name="postemployeerecord" finished-at="2020-05-11T21:04:25 IST" duration-ms="6081" status="PASS">
          <reporter-output>
          </reporter-output>
        </test-method> <!-- postemployeerecord -->
        <test-method signature="checkCookies()[pri:0, instance:com.restapi.testcases.Post_EmployeeRecord@4d910fd6]" started-at="2020-05-11T21:04:25 IST" name="checkCookies" finished-at="2020-05-11T21:04:25 IST" duration-ms="0" status="PASS">
          <reporter-output>
          </reporter-output>
        </test-method> <!-- checkCookies -->
        <test-method signature="checkResponseBody()[pri:0, instance:com.restapi.testcases.Post_EmployeeRecord@4d910fd6]" started-at="2020-05-11T21:04:25 IST" name="checkResponseBody" finished-at="2020-05-11T21:04:25 IST" duration-ms="15" status="PASS">
          <reporter-output>
          </reporter-output>
        </test-method> <!-- checkResponseBody -->
        <test-method signature="checkresponsetime()[pri:0, instance:com.restapi.testcases.Post_EmployeeRecord@4d910fd6]" started-at="2020-05-11T21:04:25 IST" name="checkresponsetime" finished-at="2020-05-11T21:04:25 IST" duration-ms="16" status="PASS">
          <reporter-output>
          </reporter-output>
        </test-method> <!-- checkresponsetime -->
        <test-method signature="checkstatusCode()[pri:0, instance:com.restapi.testcases.Post_EmployeeRecord@4d910fd6]" started-at="2020-05-11T21:04:25 IST" name="checkstatusCode" finished-at="2020-05-11T21:04:25 IST" duration-ms="0" status="PASS">
          <reporter-output>
          </reporter-output>
        </test-method> <!-- checkstatusCode -->
        <test-method signature="checkstatusLine()[pri:0, instance:com.restapi.testcases.Post_EmployeeRecord@4d910fd6]" started-at="2020-05-11T21:04:25 IST" name="checkstatusLine" finished-at="2020-05-11T21:04:25 IST" duration-ms="0" status="PASS">
          <reporter-output>
          </reporter-output>
        </test-method> <!-- checkstatusLine -->
        <test-method is-config="true" signature="teardown()[pri:0, instance:com.restapi.testcases.Post_EmployeeRecord@4d910fd6]" started-at="2020-05-11T21:04:25 IST" name="teardown" finished-at="2020-05-11T21:04:25 IST" duration-ms="0" status="PASS">
          <reporter-output>
          </reporter-output>
        </test-method> <!-- teardown -->
      </class> <!-- com.restapi.testcases.Post_EmployeeRecord -->
    </test> <!-- RestAPITestcases -->
  </suite> <!-- RestAPITestSuite -->
</testng-results>
